<?xml version="1.0" encoding="UTF-8"?>
<!-- Generated by org.testng.reporters.JUnitReportReporter -->
<testsuite skipped="0" hostname="TILLT04047" name="com.qa.Homepage.MainClass" tests="1" failures="0" timestamp="19 Jun 2017 09:38:05 GMT" time="322.262" errors="0">
  <testcase name="popup" time="322.262" classname="com.qa.Homepage.MainClass"/>
</testsuite> <!-- com.qa.Homepage.MainClass -->
